[2026-02-06 01:29:06] [BUILD] :: --- Lucid Empire v5.0-TITAN ISO Build System Initialized ---
[2026-02-06 01:29:06] [BUILD] :: Installing build dependencies...
Hit:1 https://repo.anaconda.com/pkgs/misc/debrepo/conda stable InRelease
Hit:2 https://packages.microsoft.com/repos/microsoft-ubuntu-noble-prod noble InRelease
Hit:3 http://archive.ubuntu.com/ubuntu noble InRelease
Hit:4 http://archive.ubuntu.com/ubuntu noble-updates InRelease
Hit:5 http://security.ubuntu.com/ubuntu noble-security InRelease
Hit:6 http://archive.ubuntu.com/ubuntu noble-backports InRelease
Reading package lists...
Reading package lists...
Building dependency tree...
Reading state information...
live-build is already the newest version (3.0~a57-1ubuntu49.1).
debootstrap is already the newest version (1.0.134ubuntu1).
cdebootstrap is already the newest version (0.7.8build2).
0 upgraded, 0 newly installed, 0 to remove and 81 not upgraded.
[2026-02-06 01:29:09] [BUILD] :: Dependencies installed.
[2026-02-06 01:29:09] [BUILD] :: Cleaning up previous build artifacts...
[2026-02-06 01:29:09] lb_clean --purge
P: Cleaning chroot
[2026-02-06 01:29:09] [BUILD] :: Cleanup complete.
[2026-02-06 01:29:09] [BUILD] :: Configuring live-build environment in /tmp/lucid-iso-build-13474...
[2026-02-06 01:29:09] lb_config noauto --architecture amd64 --distribution bookworm --mirror-bootstrap http://deb.debian.org/debian/ --mirror-binary http://deb.debian.org/debian/ --archive-areas main contrib non-free non-free-firmware --debian-installer live --bootappend-live boot=live components quiet splash --iso-publisher Lucid Empire Project --iso-volume Lucid Empire v5.0 --memtest none --apt-recommends false --apt-secure true --linux-flavours amd64 --linux-packages linux-image --binary-images iso-hybrid
[1;37mP[0m: Considering defaults defined in /etc/live/build.conf
P: Creating config tree for a ubuntu/amd64 system
[2026-02-06 01:29:09] [BUILD] :: Live-build configured.
[2026-02-06 01:29:09] [BUILD] :: Copying custom configurations into the build...
[2026-02-06 01:29:09] [BUILD] :: Adding custom package lists...
[2026-02-06 01:29:09] [BUILD] :: Adding chroot filesystem includes...
[2026-02-06 01:29:09] [BUILD] :: Adding TITAN framework components...
[2026-02-06 01:29:09] [BUILD] :: Adding live build hooks...
[2026-02-06 01:29:09] [BUILD] :: Custom configurations copied.
[2026-02-06 01:29:09] [BUILD] :: Starting the live-build process... This may take a long time.
[2026-02-06 01:29:09] lb_build 
[2026-02-06 01:29:09] lb_bootstrap 
P: Setting up cleanup function
[2026-02-06 01:29:09] lb_bootstrap_cache restore
P: Restoring bootstrap stage from cache...
[2026-02-06 01:29:09] lb_bootstrap_copy 
[2026-02-06 01:29:09] lb_bootstrap_cdebootstrap 
[2026-02-06 01:29:09] lb_bootstrap_debootstrap 
P: Begin bootstrapping system...
[2026-02-06 01:29:09] lb_testroot 
P: If the following stage fails, the most likely cause of the problem is with your mirror configuration or a caching proxy.
P: Running debootstrap (download-only)... 
I: Retrieving InRelease 
I: Checking Release signature
I: Valid Release signature (key id 4D64FEC119C2029067D6E791F8D2585B8783D481)
I: Retrieving Packages 
I: Validating Packages 
I: Retrieving Packages 
I: Validating Packages 
I: Retrieving Packages 
I: Validating Packages 
I: Retrieving Packages 
I: Validating Packages 
I: Resolving dependencies of required packages...
I: Resolving dependencies of base packages...
I: Checking component main on http://deb.debian.org/debian...
I: Retrieving adduser 3.134
I: Validating adduser 3.134
I: Retrieving apt 2.6.1
I: Validating apt 2.6.1
I: Retrieving apt-utils 2.6.1
I: Validating apt-utils 2.6.1
I: Retrieving base-files 12.4+deb12u13
I: Validating base-files 12.4+deb12u13
I: Retrieving base-passwd 3.6.1
I: Validating base-passwd 3.6.1
I: Retrieving bash 5.2.15-2+b10
I: Validating bash 5.2.15-2+b10
I: Retrieving bsdutils 1:2.38.1-5+deb12u3
I: Validating bsdutils 1:2.38.1-5+deb12u3
I: Retrieving coreutils 9.1-1
I: Validating coreutils 9.1-1
I: Retrieving cpio 2.13+dfsg-7.1
I: Validating cpio 2.13+dfsg-7.1
I: Retrieving cron 3.0pl1-162
I: Validating cron 3.0pl1-162
I: Retrieving cron-daemon-common 3.0pl1-162
I: Validating cron-daemon-common 3.0pl1-162
I: Retrieving dash 0.5.12-2
I: Validating dash 0.5.12-2
I: Retrieving debconf 1.5.82
I: Validating debconf 1.5.82
I: Retrieving debconf-i18n 1.5.82
I: Validating debconf-i18n 1.5.82
I: Retrieving debian-archive-keyring 2023.3+deb12u2
I: Validating debian-archive-keyring 2023.3+deb12u2
I: Retrieving debianutils 5.7-0.5~deb12u1
I: Validating debianutils 5.7-0.5~deb12u1
I: Retrieving diffutils 1:3.8-4
I: Validating diffutils 1:3.8-4
I: Retrieving dmidecode 3.4-1
I: Validating dmidecode 3.4-1
I: Retrieving dmsetup 2:1.02.185-2
I: Validating dmsetup 2:1.02.185-2
I: Retrieving dpkg 1.21.22
I: Validating dpkg 1.21.22
I: Retrieving e2fsprogs 1.47.0-2+b2
I: Validating e2fsprogs 1.47.0-2+b2
I: Retrieving fdisk 2.38.1-5+deb12u3
I: Validating fdisk 2.38.1-5+deb12u3
I: Retrieving findutils 4.9.0-4
I: Validating findutils 4.9.0-4
I: Retrieving gcc-12-base 12.2.0-14+deb12u1
I: Validating gcc-12-base 12.2.0-14+deb12u1
I: Retrieving gpgv 2.2.40-1.1+deb12u2
I: Validating gpgv 2.2.40-1.1+deb12u2
I: Retrieving grep 3.8-5
I: Validating grep 3.8-5
I: Retrieving gzip 1.12-1
I: Validating gzip 1.12-1
I: Retrieving hostname 3.23+nmu1
I: Validating hostname 3.23+nmu1
I: Retrieving ifupdown 0.8.41
I: Validating ifupdown 0.8.41
I: Retrieving init 1.65.2+deb12u1
I: Validating init 1.65.2+deb12u1
I: Retrieving init-system-helpers 1.65.2+deb12u1
I: Validating init-system-helpers 1.65.2+deb12u1
I: Retrieving iproute2 6.1.0-3
I: Validating iproute2 6.1.0-3
I: Retrieving iputils-ping 3:20221126-1+deb12u1
I: Validating iputils-ping 3:20221126-1+deb12u1
I: Retrieving isc-dhcp-client 4.4.3-P1-2
I: Validating isc-dhcp-client 4.4.3-P1-2
I: Retrieving isc-dhcp-common 4.4.3-P1-2
I: Validating isc-dhcp-common 4.4.3-P1-2
I: Retrieving kmod 30+20221128-1
I: Validating kmod 30+20221128-1
I: Retrieving less 590-2.1~deb12u2
I: Validating less 590-2.1~deb12u2
I: Retrieving libacl1 2.3.1-3
I: Validating libacl1 2.3.1-3
I: Retrieving libapparmor1 3.0.8-3
I: Validating libapparmor1 3.0.8-3
I: Retrieving libapt-pkg6.0 2.6.1
I: Validating libapt-pkg6.0 2.6.1
I: Retrieving libargon2-1 0~20171227-0.3+deb12u1
I: Validating libargon2-1 0~20171227-0.3+deb12u1
I: Retrieving libattr1 1:2.5.1-4
I: Validating libattr1 1:2.5.1-4
I: Retrieving libaudit-common 1:3.0.9-1
I: Validating libaudit-common 1:3.0.9-1
I: Retrieving libaudit1 1:3.0.9-1
I: Validating libaudit1 1:3.0.9-1
I: Retrieving libblkid1 2.38.1-5+deb12u3
I: Validating libblkid1 2.38.1-5+deb12u3
I: Retrieving libbpf1 1:1.1.2-0+deb12u1
I: Validating libbpf1 1:1.1.2-0+deb12u1
I: Retrieving libbsd0 0.11.7-2
I: Validating libbsd0 0.11.7-2
I: Retrieving libbz2-1.0 1.0.8-5+b1
I: Validating libbz2-1.0 1.0.8-5+b1
I: Retrieving libc-bin 2.36-9+deb12u13
I: Validating libc-bin 2.36-9+deb12u13
I: Retrieving libc6 2.36-9+deb12u13
I: Validating libc6 2.36-9+deb12u13
I: Retrieving libcap-ng0 0.8.3-1+b3
I: Validating libcap-ng0 0.8.3-1+b3
I: Retrieving libcap2 1:2.66-4+deb12u2+b2
I: Validating libcap2 1:2.66-4+deb12u2+b2
I: Retrieving libcap2-bin 1:2.66-4+deb12u2+b2
I: Validating libcap2-bin 1:2.66-4+deb12u2+b2
I: Retrieving libcom-err2 1.47.0-2+b2
I: Validating libcom-err2 1.47.0-2+b2
I: Retrieving libcrypt1 1:4.4.33-2
I: Validating libcrypt1 1:4.4.33-2
I: Retrieving libcryptsetup12 2:2.6.1-4~deb12u2
I: Validating libcryptsetup12 2:2.6.1-4~deb12u2
I: Retrieving libdb5.3 5.3.28+dfsg2-1
I: Validating libdb5.3 5.3.28+dfsg2-1
I: Retrieving libdebconfclient0 0.270
I: Validating libdebconfclient0 0.270
I: Retrieving libdevmapper1.02.1 2:1.02.185-2
I: Validating libdevmapper1.02.1 2:1.02.185-2
I: Retrieving libedit2 3.1-20221030-2
I: Validating libedit2 3.1-20221030-2
I: Retrieving libelf1 0.188-2.1
I: Validating libelf1 0.188-2.1
I: Retrieving libext2fs2 1.47.0-2+b2
I: Validating libext2fs2 1.47.0-2+b2
I: Retrieving libfdisk1 2.38.1-5+deb12u3
I: Validating libfdisk1 2.38.1-5+deb12u3
I: Retrieving libffi8 3.4.4-1
I: Validating libffi8 3.4.4-1
I: Retrieving libgcc-s1 12.2.0-14+deb12u1
I: Validating libgcc-s1 12.2.0-14+deb12u1
I: Retrieving libgcrypt20 1.10.1-3
I: Validating libgcrypt20 1.10.1-3
I: Retrieving libgmp10 2:6.2.1+dfsg1-1.1
I: Validating libgmp10 2:6.2.1+dfsg1-1.1
I: Retrieving libgnutls30 3.7.9-2+deb12u5
I: Validating libgnutls30 3.7.9-2+deb12u5
I: Retrieving libgpg-error0 1.46-1
I: Validating libgpg-error0 1.46-1
I: Retrieving libgssapi-krb5-2 1.20.1-2+deb12u4
I: Validating libgssapi-krb5-2 1.20.1-2+deb12u4
I: Retrieving libhogweed6 3.8.1-2
I: Validating libhogweed6 3.8.1-2
I: Retrieving libidn2-0 2.3.3-1+b1
I: Validating libidn2-0 2.3.3-1+b1
I: Retrieving libip4tc2 1.8.9-2
I: Validating libip4tc2 1.8.9-2
I: Retrieving libjansson4 2.14-2
I: Validating libjansson4 2.14-2
I: Retrieving libjson-c5 0.16-2
I: Validating libjson-c5 0.16-2
I: Retrieving libk5crypto3 1.20.1-2+deb12u4
I: Validating libk5crypto3 1.20.1-2+deb12u4
I: Retrieving libkeyutils1 1.6.3-2
I: Validating libkeyutils1 1.6.3-2
I: Retrieving libkmod2 30+20221128-1
I: Validating libkmod2 30+20221128-1
I: Retrieving libkrb5-3 1.20.1-2+deb12u4
I: Validating libkrb5-3 1.20.1-2+deb12u4
I: Retrieving libkrb5support0 1.20.1-2+deb12u4
I: Validating libkrb5support0 1.20.1-2+deb12u4
I: Retrieving liblocale-gettext-perl 1.07-5
I: Validating liblocale-gettext-perl 1.07-5
I: Retrieving liblz4-1 1.9.4-1
I: Validating liblz4-1 1.9.4-1
I: Retrieving liblzma5 5.4.1-1
I: Validating liblzma5 5.4.1-1
I: Retrieving libmd0 1.0.4-2
I: Validating libmd0 1.0.4-2
I: Retrieving libmnl0 1.0.4-3
I: Validating libmnl0 1.0.4-3
I: Retrieving libmount1 2.38.1-5+deb12u3
I: Validating libmount1 2.38.1-5+deb12u3
I: Retrieving libncursesw6 6.4-4
I: Validating libncursesw6 6.4-4
I: Retrieving libnettle8 3.8.1-2
I: Validating libnettle8 3.8.1-2
I: Retrieving libnewt0.52 0.52.23-1+b1
I: Validating libnewt0.52 0.52.23-1+b1
I: Retrieving libnftables1 1.0.6-2+deb12u2
I: Validating libnftables1 1.0.6-2+deb12u2
I: Retrieving libnftnl11 1.2.4-2
I: Validating libnftnl11 1.2.4-2
I: Retrieving libp11-kit0 0.24.1-2
I: Validating libp11-kit0 0.24.1-2
I: Retrieving libpam-modules 1.5.2-6+deb12u2
I: Validating libpam-modules 1.5.2-6+deb12u2
I: Retrieving libpam-modules-bin 1.5.2-6+deb12u2
I: Validating libpam-modules-bin 1.5.2-6+deb12u2
I: Retrieving libpam-runtime 1.5.2-6+deb12u2
I: Validating libpam-runtime 1.5.2-6+deb12u2
I: Retrieving libpam0g 1.5.2-6+deb12u2
I: Validating libpam0g 1.5.2-6+deb12u2
I: Retrieving libpcre2-8-0 10.42-1
I: Validating libpcre2-8-0 10.42-1
I: Retrieving libpopt0 1.19+dfsg-1
I: Validating libpopt0 1.19+dfsg-1
I: Retrieving libproc2-0 2:4.0.2-3
I: Validating libproc2-0 2:4.0.2-3
I: Retrieving libreadline8 8.2-1.3
I: Validating libreadline8 8.2-1.3
I: Retrieving libseccomp2 2.5.4-1+deb12u1
I: Validating libseccomp2 2.5.4-1+deb12u1
I: Retrieving libselinux1 3.4-1+b6
I: Validating libselinux1 3.4-1+b6
I: Retrieving libsemanage-common 3.4-1
I: Validating libsemanage-common 3.4-1
I: Retrieving libsemanage2 3.4-1+b5
I: Validating libsemanage2 3.4-1+b5
I: Retrieving libsepol2 3.4-2.1
I: Validating libsepol2 3.4-2.1
I: Retrieving libslang2 2.3.3-3
I: Validating libslang2 2.3.3-3
I: Retrieving libsmartcols1 2.38.1-5+deb12u3
I: Validating libsmartcols1 2.38.1-5+deb12u3
I: Retrieving libss2 1.47.0-2+b2
I: Validating libss2 1.47.0-2+b2
I: Retrieving libssl3 3.0.18-1~deb12u1
I: Validating libssl3 3.0.18-1~deb12u1
I: Retrieving libstdc++6 12.2.0-14+deb12u1
I: Validating libstdc++6 12.2.0-14+deb12u1
I: Retrieving libsystemd-shared 252.39-1~deb12u1
I: Validating libsystemd-shared 252.39-1~deb12u1
I: Retrieving libsystemd0 252.39-1~deb12u1
I: Validating libsystemd0 252.39-1~deb12u1
I: Retrieving libtasn1-6 4.19.0-2+deb12u1
I: Validating libtasn1-6 4.19.0-2+deb12u1
I: Retrieving libtext-charwidth-perl 0.04-11
I: Validating libtext-charwidth-perl 0.04-11
I: Retrieving libtext-iconv-perl 1.7-8
I: Validating libtext-iconv-perl 1.7-8
I: Retrieving libtext-wrapi18n-perl 0.06-10
I: Validating libtext-wrapi18n-perl 0.06-10
I: Retrieving libtinfo6 6.4-4
I: Validating libtinfo6 6.4-4
I: Retrieving libtirpc-common 1.3.3+ds-1
I: Validating libtirpc-common 1.3.3+ds-1
I: Retrieving libtirpc3 1.3.3+ds-1
I: Validating libtirpc3 1.3.3+ds-1
I: Retrieving libudev1 252.39-1~deb12u1
I: Validating libudev1 252.39-1~deb12u1
I: Retrieving libunistring2 1.0-2
I: Validating libunistring2 1.0-2
I: Retrieving libuuid1 2.38.1-5+deb12u3
I: Validating libuuid1 2.38.1-5+deb12u3
I: Retrieving libxtables12 1.8.9-2
I: Validating libxtables12 1.8.9-2
I: Retrieving libxxhash0 0.8.1-1
I: Validating libxxhash0 0.8.1-1
I: Retrieving libzstd1 1.5.4+dfsg2-5
I: Validating libzstd1 1.5.4+dfsg2-5
I: Retrieving login 1:4.13+dfsg1-1+deb12u2
I: Validating login 1:4.13+dfsg1-1+deb12u2
I: Retrieving logrotate 3.21.0-1
I: Validating logrotate 3.21.0-1
I: Retrieving logsave 1.47.0-2+b2
I: Validating logsave 1.47.0-2+b2
I: Retrieving mawk 1.3.4.20200120-3.1
I: Validating mawk 1.3.4.20200120-3.1
I: Retrieving mount 2.38.1-5+deb12u3
I: Validating mount 2.38.1-5+deb12u3
I: Retrieving nano 7.2-1+deb12u1
I: Validating nano 7.2-1+deb12u1
I: Retrieving ncurses-base 6.4-4
I: Validating ncurses-base 6.4-4
I: Retrieving ncurses-bin 6.4-4
I: Validating ncurses-bin 6.4-4
I: Retrieving netbase 6.4
I: Validating netbase 6.4
I: Retrieving nftables 1.0.6-2+deb12u2
I: Validating nftables 1.0.6-2+deb12u2
I: Retrieving passwd 1:4.13+dfsg1-1+deb12u2
I: Validating passwd 1:4.13+dfsg1-1+deb12u2
I: Retrieving perl-base 5.36.0-7+deb12u3
I: Validating perl-base 5.36.0-7+deb12u3
I: Retrieving procps 2:4.0.2-3
I: Validating procps 2:4.0.2-3
I: Retrieving readline-common 8.2-1.3
I: Validating readline-common 8.2-1.3
I: Retrieving sed 4.9-1
I: Validating sed 4.9-1
I: Retrieving sensible-utils 0.0.17+nmu1
I: Validating sensible-utils 0.0.17+nmu1
I: Retrieving systemd 252.39-1~deb12u1
I: Validating systemd 252.39-1~deb12u1
I: Retrieving systemd-sysv 252.39-1~deb12u1
I: Validating systemd-sysv 252.39-1~deb12u1
I: Retrieving sysvinit-utils 3.06-4
I: Validating sysvinit-utils 3.06-4
I: Retrieving tar 1.34+dfsg-1.2+deb12u1
I: Validating tar 1.34+dfsg-1.2+deb12u1
I: Retrieving tasksel 3.73
I: Validating tasksel 3.73
I: Retrieving tasksel-data 3.73
I: Validating tasksel-data 3.73
I: Retrieving tzdata 2025b-0+deb12u2
I: Validating tzdata 2025b-0+deb12u2
I: Retrieving udev 252.39-1~deb12u1
I: Validating udev 252.39-1~deb12u1
I: Retrieving usr-is-merged 37~deb12u1
I: Validating usr-is-merged 37~deb12u1
I: Retrieving util-linux 2.38.1-5+deb12u3
I: Validating util-linux 2.38.1-5+deb12u3
I: Retrieving util-linux-extra 2.38.1-5+deb12u3
I: Validating util-linux-extra 2.38.1-5+deb12u3
I: Retrieving vim-common 2:9.0.1378-2+deb12u2
I: Validating vim-common 2:9.0.1378-2+deb12u2
I: Retrieving vim-tiny 2:9.0.1378-2+deb12u2
I: Validating vim-tiny 2:9.0.1378-2+deb12u2
I: Retrieving whiptail 0.52.23-1+b1
I: Validating whiptail 0.52.23-1+b1
I: Retrieving zlib1g 1:1.2.13.dfsg-1
I: Validating zlib1g 1:1.2.13.dfsg-1
P: If the following stage fails, the most likely cause of the problem is with your mirror configuration or a caching proxy.
P: Running debootstrap... 
I: Checking Release signature
I: Valid Release signature (key id 4D64FEC119C2029067D6E791F8D2585B8783D481)
I: Validating Packages 
